  Camera.cpp
  Entity.cpp
  main.cpp
  Mesh.cpp
c:\hlocal\practica1\ig1app\mesh.cpp(83): warning C4018: '<': signed/unsigned mismatch
c:\hlocal\practica1\ig1app\mesh.cpp(108): warning C4018: '<': signed/unsigned mismatch
c:\hlocal\practica1\ig1app\mesh.cpp(134): warning C4018: '<': signed/unsigned mismatch
c:\hlocal\practica1\ig1app\mesh.cpp(170): warning C4018: '<': signed/unsigned mismatch
c:\hlocal\practica1\ig1app\mesh.cpp(208): warning C4018: '<': signed/unsigned mismatch
c:\hlocal\practica1\ig1app\mesh.cpp(273): warning C4244: '=': conversion from 'GLdouble' to 'GLuint', possible loss of data
c:\hlocal\practica1\ig1app\mesh.cpp(288): warning C4018: '<': signed/unsigned mismatch
c:\hlocal\practica1\ig1app\mesh.cpp(368): warning C4018: '<': signed/unsigned mismatch
  Pixmap32RGBA.cpp
  Scene.cpp
c:\hlocal\practica1\ig1app\scene.cpp(126): warning C4244: 'argument': conversion from 'double' to 'GLuint', possible loss of data
  Texture.cpp
  Viewport.cpp
  Generating Code...
main.obj : error LNK2019: unresolved external symbol __imp_glutInitWindowSize referenced in function main
main.obj : error LNK2019: unresolved external symbol __imp_glutInitDisplayMode referenced in function main
main.obj : error LNK2019: unresolved external symbol __imp_glutMainLoop referenced in function main
main.obj : error LNK2019: unresolved external symbol __imp_glutDestroyWindow referenced in function main
main.obj : error LNK2019: unresolved external symbol __imp_glutPostRedisplay referenced in function "void __cdecl key(unsigned char,int,int)" (?key@@YAXEHH@Z)
main.obj : error LNK2019: unresolved external symbol __imp_glutSwapBuffers referenced in function "void __cdecl display(void)" (?display@@YAXXZ)
main.obj : error LNK2019: unresolved external symbol __imp_glutIdleFunc referenced in function main
main.obj : error LNK2019: unresolved external symbol __imp_glutKeyboardFunc referenced in function main
main.obj : error LNK2019: unresolved external symbol __imp_glutSpecialFunc referenced in function main
main.obj : error LNK2019: unresolved external symbol __imp_glutReshapeFunc referenced in function main
main.obj : error LNK2019: unresolved external symbol __imp_glutDisplayFunc referenced in function main
main.obj : error LNK2019: unresolved external symbol __imp_glutGet referenced in function "void __cdecl update(void)" (?update@@YAXXZ)
main.obj : error LNK2019: unresolved external symbol __imp___glutInitWithExit referenced in function glutInit_ATEXIT_HACK
main.obj : error LNK2019: unresolved external symbol __imp___glutCreateWindowWithExit referenced in function glutCreateWindow_ATEXIT_HACK
main.obj : error LNK2019: unresolved external symbol __imp_glutLeaveMainLoop referenced in function "void __cdecl key(unsigned char,int,int)" (?key@@YAXEHH@Z)
main.obj : error LNK2019: unresolved external symbol __imp_glutSetOption referenced in function main
main.obj : error LNK2019: unresolved external symbol __imp_glutInitContextVersion referenced in function main
main.obj : error LNK2019: unresolved external symbol __imp_glutInitContextFlags referenced in function main
main.obj : error LNK2019: unresolved external symbol __imp_glutInitContextProfile referenced in function main
C:\hlocal\practica1\freeglut\lib\x86\freeglut.lib : warning LNK4272: library machine type 'x86' conflicts with target machine type 'x64'
C:\hlocal\practica1\bin\IG1AppDebug.exe : fatal error LNK1120: 19 unresolved externals
