  Camera.cpp
  Entity.cpp
  main.cpp
  Mesh.cpp
c:\users\sistemas\desktop\ro_19\2cuatri\gc\defs\practica1\ig1app\mesh.cpp(83): warning C4018: '<': no coinciden signed/unsigned
c:\users\sistemas\desktop\ro_19\2cuatri\gc\defs\practica1\ig1app\mesh.cpp(108): warning C4018: '<': no coinciden signed/unsigned
c:\users\sistemas\desktop\ro_19\2cuatri\gc\defs\practica1\ig1app\mesh.cpp(134): warning C4018: '<': no coinciden signed/unsigned
c:\users\sistemas\desktop\ro_19\2cuatri\gc\defs\practica1\ig1app\mesh.cpp(170): warning C4018: '<': no coinciden signed/unsigned
c:\users\sistemas\desktop\ro_19\2cuatri\gc\defs\practica1\ig1app\mesh.cpp(208): warning C4018: '<': no coinciden signed/unsigned
c:\users\sistemas\desktop\ro_19\2cuatri\gc\defs\practica1\ig1app\mesh.cpp(273): warning C4244: '=': conversión de 'GLdouble' a 'GLuint'; posible pérdida de datos
c:\users\sistemas\desktop\ro_19\2cuatri\gc\defs\practica1\ig1app\mesh.cpp(288): warning C4018: '<': no coinciden signed/unsigned
c:\users\sistemas\desktop\ro_19\2cuatri\gc\defs\practica1\ig1app\mesh.cpp(368): warning C4018: '<': no coinciden signed/unsigned
  Pixmap32RGBA.cpp
  Scene.cpp
c:\users\sistemas\desktop\ro_19\2cuatri\gc\defs\practica1\ig1app\scene.cpp(126): warning C4244: 'argumento': conversión de 'double' a 'GLuint'; posible pérdida de datos
  Texture.cpp
  Viewport.cpp
  Generando código...
main.obj : error LNK2019: símbolo externo __imp_glutInitWindowSize sin resolver al que se hace referencia en la función main
main.obj : error LNK2019: símbolo externo __imp_glutInitDisplayMode sin resolver al que se hace referencia en la función main
main.obj : error LNK2019: símbolo externo __imp_glutMainLoop sin resolver al que se hace referencia en la función main
main.obj : error LNK2019: símbolo externo __imp_glutDestroyWindow sin resolver al que se hace referencia en la función main
main.obj : error LNK2019: símbolo externo __imp_glutPostRedisplay sin resolver al que se hace referencia en la función "void __cdecl key(unsigned char,int,int)" (?key@@YAXEHH@Z)
main.obj : error LNK2019: símbolo externo __imp_glutSwapBuffers sin resolver al que se hace referencia en la función "void __cdecl display(void)" (?display@@YAXXZ)
main.obj : error LNK2019: símbolo externo __imp_glutIdleFunc sin resolver al que se hace referencia en la función main
main.obj : error LNK2019: símbolo externo __imp_glutKeyboardFunc sin resolver al que se hace referencia en la función main
main.obj : error LNK2019: símbolo externo __imp_glutSpecialFunc sin resolver al que se hace referencia en la función main
main.obj : error LNK2019: símbolo externo __imp_glutReshapeFunc sin resolver al que se hace referencia en la función main
main.obj : error LNK2019: símbolo externo __imp_glutDisplayFunc sin resolver al que se hace referencia en la función main
main.obj : error LNK2019: símbolo externo __imp_glutGet sin resolver al que se hace referencia en la función "void __cdecl update(void)" (?update@@YAXXZ)
main.obj : error LNK2019: símbolo externo __imp___glutInitWithExit sin resolver al que se hace referencia en la función glutInit_ATEXIT_HACK
main.obj : error LNK2019: símbolo externo __imp___glutCreateWindowWithExit sin resolver al que se hace referencia en la función glutCreateWindow_ATEXIT_HACK
main.obj : error LNK2019: símbolo externo __imp_glutLeaveMainLoop sin resolver al que se hace referencia en la función "void __cdecl key(unsigned char,int,int)" (?key@@YAXEHH@Z)
main.obj : error LNK2019: símbolo externo __imp_glutSetOption sin resolver al que se hace referencia en la función main
main.obj : error LNK2019: símbolo externo __imp_glutInitContextVersion sin resolver al que se hace referencia en la función main
main.obj : error LNK2019: símbolo externo __imp_glutInitContextFlags sin resolver al que se hace referencia en la función main
main.obj : error LNK2019: símbolo externo __imp_glutInitContextProfile sin resolver al que se hace referencia en la función main
C:\Users\sistemas\Desktop\RO_19\2CUATRI\GC\defs\practica1\freeglut\lib\x86\freeglut.lib : warning LNK4272: el tipo de máquina de biblioteca 'x86' está en conflicto con el tipo de máquina de destino 'x64'
C:\Users\sistemas\Desktop\RO_19\2CUATRI\GC\defs\practica1\bin\IG1AppDebug.exe : fatal error LNK1120: 19 externos sin resolver
